-- Downloading https://github.com/glfw/glfw/archive/7482de6071d21db77a7236155da44c172a7f6c9e.tar.gz -> glfw-glfw-7482de6071d21db77a7236155da44c172a7f6c9e.tar.gz...
-- Extracting source C:/Users/tutor/AppData/Local/vcpkg/downloads/glfw-glfw-7482de6071d21db77a7236155da44c172a7f6c9e.tar.gz
-- Using source at C:/Users/tutor/Desktop/particle-simulator/vcpkg_installed/vcpkg/blds/glfw3/src/172a7f6c9e-7678776297.clean
GLFW3 currently requires the following libraries from the system package manager:
    xinerama
    xcursor
    xorg
    libglu1-mesa
    pkg-config

These can be installed via brew install libxinerama-dev libxcursor-dev xorg-dev libglu1-mesa-dev pkg-config
-- Found external ninja('1.11.0').
-- Configuring x64-windows
-- Building x64-windows-dbg
-- Building x64-windows-rel
-- Fixing pkgconfig file: C:/Users/tutor/Desktop/particle-simulator/vcpkg_installed/vcpkg/pkgs/glfw3_x64-windows/lib/pkgconfig/glfw3.pc
-- Downloading https://mirror.msys2.org/mingw/mingw64/mingw-w64-x86_64-pkgconf-1~2.1.0-1-any.pkg.tar.zst;https://repo.msys2.org/mingw/mingw64/mingw-w64-x86_64-pkgconf-1~2.1.0-1-any.pkg.tar.zst;https://mirror.yandex.ru/mirrors/msys2/mingw/mingw64/mingw-w64-x86_64-pkgconf-1~2.1.0-1-any.pkg.tar.zst;https://mirrors.tuna.tsinghua.edu.cn/msys2/mingw/mingw64/mingw-w64-x86_64-pkgconf-1~2.1.0-1-any.pkg.tar.zst;https://mirrors.ustc.edu.cn/msys2/mingw/mingw64/mingw-w64-x86_64-pkgconf-1~2.1.0-1-any.pkg.tar.zst;https://mirror.selfnet.de/msys2/mingw/mingw64/mingw-w64-x86_64-pkgconf-1~2.1.0-1-any.pkg.tar.zst -> mingw-w64-x86_64-pkgconf-1~2.1.0-1-any.pkg.tar.zst...
-- Downloading https://mirror.msys2.org/msys/x86_64/msys2-runtime-3.4.9-3-x86_64.pkg.tar.zst;https://repo.msys2.org/msys/x86_64/msys2-runtime-3.4.9-3-x86_64.pkg.tar.zst;https://mirror.yandex.ru/mirrors/msys2/msys/x86_64/msys2-runtime-3.4.9-3-x86_64.pkg.tar.zst;https://mirrors.tuna.tsinghua.edu.cn/msys2/msys/x86_64/msys2-runtime-3.4.9-3-x86_64.pkg.tar.zst;https://mirrors.ustc.edu.cn/msys2/msys/x86_64/msys2-runtime-3.4.9-3-x86_64.pkg.tar.zst;https://mirror.selfnet.de/msys2/msys/x86_64/msys2-runtime-3.4.9-3-x86_64.pkg.tar.zst -> msys2-msys2-runtime-3.4.9-3-x86_64.pkg.tar.zst...
-- Using msys root at C:/Users/tutor/AppData/Local/vcpkg/downloads/tools/msys2/023cdb3ca06f77f2
-- Fixing pkgconfig file: C:/Users/tutor/Desktop/particle-simulator/vcpkg_installed/vcpkg/pkgs/glfw3_x64-windows/debug/lib/pkgconfig/glfw3.pc
-- Installing: C:/Users/tutor/Desktop/particle-simulator/vcpkg_installed/vcpkg/pkgs/glfw3_x64-windows/share/glfw3/copyright
-- Performing post-build validation
